<?xml version="1.0" encoding="UTF-8"?>
<!-- Generated by org.testng.reporters.JUnitXMLReporter -->
<testsuite ignored="0" hostname="Rahul" failures="1" tests="1" name="AmazonTest1" time="5.066" errors="0" timestamp="2024-11-11T20:06:34 IST">
  <testcase classname="InterviewQuestionAndAnswer.AmazonPriceSelection" name="clickOnCheckBoxBasisOnCountrySearch" time="3.112">
    <failure type="java.lang.NullPointerException" message="Cannot invoke &amp;quot;org.openqa.selenium.support.ui.WebDriverWait.until(java.util.function.Function)&amp;quot; because &amp;quot;InterviewQuestionAndAnswer.AmazonPriceSelection.wait&amp;quot; is null">
      <![CDATA[java.lang.NullPointerException: Cannot invoke "org.openqa.selenium.support.ui.WebDriverWait.until(java.util.function.Function)" because "InterviewQuestionAndAnswer.AmazonPriceSelection.wait" is null
at InterviewQuestionAndAnswer.AmazonPriceSelection.clickOnCheckBoxBasisOnCountrySearch(AmazonPriceSelection.java:39)
at java.base/java.util.concurrent.ThreadPoolExecutor.runWorker(ThreadPoolExecutor.java:1136)
at java.base/java.util.concurrent.ThreadPoolExecutor$Worker.run(ThreadPoolExecutor.java:635)
at java.base/java.lang.Thread.run(Thread.java:833)
... Removed 12 stack frames]]>
    </failure>
  </testcase> <!-- clickOnCheckBoxBasisOnCountrySearch -->
</testsuite> <!-- AmazonTest1 -->
