<?xml version="1.0" encoding="UTF-8"?>
<testng-results ignored="0" total="4" passed="4" failed="0" skipped="0">
  <reporter-output>
  </reporter-output>
  <suite started-at="2025-06-18T20:07:09 IST" name="Default suite" finished-at="2025-06-18T20:07:09 IST" duration-ms="55">
    <groups>
    </groups>
    <test started-at="2025-06-18T20:07:09 IST" name="Default test" finished-at="2025-06-18T20:07:09 IST" duration-ms="55">
      <class name="InterviewQuestionAnswer.ExecutionSequencesOfMethods">
        <test-method signature="A1()[pri:2, instance:InterviewQuestionAnswer.ExecutionSequencesOfMethods@27e0f2f5]" started-at="2025-06-18T20:07:09 IST" name="A1" finished-at="2025-06-18T20:07:09 IST" duration-ms="8" status="PASS">
          <reporter-output>
          </reporter-output>
        </test-method> <!-- A1 -->
        <test-method signature="A1()[pri:2, instance:InterviewQuestionAnswer.ExecutionSequencesOfMethods@27e0f2f5]" started-at="2025-06-18T20:07:09 IST" name="A1" finished-at="2025-06-18T20:07:09 IST" duration-ms="1" status="PASS">
          <reporter-output>
          </reporter-output>
        </test-method> <!-- A1 -->
        <test-method signature="B1()[pri:3, instance:InterviewQuestionAnswer.ExecutionSequencesOfMethods@27e0f2f5]" started-at="2025-06-18T20:07:09 IST" name="B1" finished-at="2025-06-18T20:07:09 IST" depends-on-methods="InterviewQuestionAnswer.ExecutionSequencesOfMethods.A1" duration-ms="1" status="PASS">
          <reporter-output>
          </reporter-output>
        </test-method> <!-- B1 -->
        <test-method signature="B1()[pri:3, instance:InterviewQuestionAnswer.ExecutionSequencesOfMethods@27e0f2f5]" started-at="2025-06-18T20:07:09 IST" name="B1" finished-at="2025-06-18T20:07:09 IST" depends-on-methods="InterviewQuestionAnswer.ExecutionSequencesOfMethods.A1" duration-ms="1" status="PASS">
          <reporter-output>
          </reporter-output>
        </test-method> <!-- B1 -->
      </class> <!-- InterviewQuestionAnswer.ExecutionSequencesOfMethods -->
    </test> <!-- Default test -->
  </suite> <!-- Default suite -->
</testng-results>
