<?xml version="1.0" encoding="UTF-8"?>
<!-- Generated by org.testng.reporters.JUnitReportReporter -->
<testsuite hostname="Rahul" failures="0" tests="4" name="InterviewQuestionAnswer.ExecutionSequencesOfMethods" time="0.011" errors="0" timestamp="2025-06-18T20:07:09 IST" skipped="0">
  <testcase classname="InterviewQuestionAnswer.ExecutionSequencesOfMethods" name="A1" time="0.008"/>
  <system-out/>
  <testcase classname="InterviewQuestionAnswer.ExecutionSequencesOfMethods" name="A1" time="0.001"/>
  <system-out/>
  <testcase classname="InterviewQuestionAnswer.ExecutionSequencesOfMethods" name="B1" time="0.001"/>
  <system-out/>
  <testcase classname="InterviewQuestionAnswer.ExecutionSequencesOfMethods" name="B1" time="0.001"/>
  <system-out/>
</testsuite> <!-- InterviewQuestionAnswer.ExecutionSequencesOfMethods -->
